<?xml version="1.0" encoding="UTF-8"?>
<testng-results ignored="0" total="1" passed="1" failed="0" skipped="0">
  <reporter-output>
  </reporter-output>
  <suite started-at="2025-01-18T14:56:46 IST" name="Default suite" finished-at="2025-01-18T14:56:46 IST" duration-ms="204">
    <groups>
    </groups>
    <test started-at="2025-01-18T14:56:46 IST" name="Default test" finished-at="2025-01-18T14:56:46 IST" duration-ms="204">
      <class name="com.selenium.testng1.Prameterization">
        <test-method signature="readExceFile()[pri:0, instance:com.selenium.testng1.Prameterization@72967906]" started-at="2025-01-18T14:56:46 IST" name="readExceFile" finished-at="2025-01-18T14:56:46 IST" duration-ms="36" status="PASS">
          <reporter-output>
          </reporter-output>
        </test-method> <!-- readExceFile -->
      </class> <!-- com.selenium.testng1.Prameterization -->
    </test> <!-- Default test -->
  </suite> <!-- Default suite -->
</testng-results>
